# JRE version: OpenJDK Runtime Environment (8.0_112-b06) (build 1.8.0_112-release-b06)
# Java VM: OpenJDK 64-Bit Server VM (25.112-b06 mixed mode windows-amd64 compressed oops)
Heap:
 PSYoungGen      total 469504K, used 469500K [0x00000000e0000000, 0x0000000100000000, 0x0000000100000000)
  eden space 422400K, 100% used [0x00000000e0000000,0x00000000f9c80000,0x00000000f9c80000)
  from space 47104K, 99% used [0x00000000f9c80000,0x00000000fca7f3a0,0x00000000fca80000)
  to   space 54784K, 99% used [0x00000000fca80000,0x00000000ffffee10,0x0000000100000000)
 ParOldGen       total 564736K, used 551936K [0x00000000a0000000, 0x00000000c2780000, 0x00000000e0000000)
  object space 564736K, 97% used [0x00000000a0000000,0x00000000c1b00008,0x00000000c2780000)
 Metaspace       used 79953K, capacity 86338K, committed 87680K, reserved 1126400K
  class space    used 9985K, capacity 10747K, committed 11136K, reserved 1048576K
GC Heap History (10 events):
Event: 16735.335 GC heap after
Heap after GC invocations=37 (full 4):
 PSYoungGen      total 468992K, used 5863K [0x00000000e0000000, 0x00000000ffd00000, 0x0000000100000000)
  eden space 415744K, 0% used [0x00000000e0000000,0x00000000e0000000,0x00000000f9600000)
  from space 53248K, 11% used [0x00000000f9600000,0x00000000f9bb9c40,0x00000000fca00000)
  to   space 51712K, 0% used [0x00000000fca80000,0x00000000fca80000,0x00000000ffd00000)
 ParOldGen       total 201728K, used 164297K [0x00000000a0000000, 0x00000000ac500000, 0x00000000e0000000)
  object space 201728K, 81% used [0x00000000a0000000,0x00000000aa072728,0x00000000ac500000)
 Metaspace       used 79559K, capacity 85606K, committed 87168K, reserved 1126400K
  class space    used 9942K, capacity 10697K, committed 11136K, reserved 1048576K
}
Event: 16810.769 GC heap before
{Heap before GC invocations=38 (full 4):
 PSYoungGen      total 468992K, used 421607K [0x00000000e0000000, 0x00000000ffd00000, 0x0000000100000000)
  eden space 415744K, 100% used [0x00000000e0000000,0x00000000f9600000,0x00000000f9600000)
  from space 53248K, 11% used [0x00000000f9600000,0x00000000f9bb9c40,0x00000000fca00000)
  to   space 51712K, 0% used [0x00000000fca80000,0x00000000fca80000,0x00000000ffd00000)
 ParOldGen       total 201728K, used 164297K [0x00000000a0000000, 0x00000000ac500000, 0x00000000e0000000)
  object space 201728K, 81% used [0x00000000a0000000,0x00000000aa072728,0x00000000ac500000)
 Metaspace       used 79705K, capacity 85868K, committed 87168K, reserved 1126400K
  class space    used 9958K, capacity 10714K, committed 11136K, reserved 1048576K
Event: 16810.790 GC heap after
Heap after GC invocations=38 (full 4):
 PSYoungGen      total 468992K, used 26534K [0x00000000e0000000, 0x00000000fff80000, 0x0000000100000000)
  eden space 417280K, 0% used [0x00000000e0000000,0x00000000e0000000,0x00000000f9780000)
  from space 51712K, 51% used [0x00000000fca80000,0x00000000fe469a78,0x00000000ffd00000)
  to   space 52224K, 0% used [0x00000000f9780000,0x00000000f9780000,0x00000000fca80000)
 ParOldGen       total 201728K, used 164305K [0x00000000a0000000, 0x00000000ac500000, 0x00000000e0000000)
  object space 201728K, 81% used [0x00000000a0000000,0x00000000aa074728,0x00000000ac500000)
 Metaspace       used 79705K, capacity 85868K, committed 87168K, reserved 1126400K
  class space    used 9958K, capacity 10714K, committed 11136K, reserved 1048576K
}
Event: 16811.267 GC heap before
{Heap before GC invocations=39 (full 4):
 PSYoungGen      total 468992K, used 443264K [0x00000000e0000000, 0x00000000fff80000, 0x0000000100000000)
  eden space 417280K, 99% used [0x00000000e0000000,0x00000000f96f6620,0x00000000f9780000)
  from space 51712K, 51% used [0x00000000fca80000,0x00000000fe469a78,0x00000000ffd00000)
  to   space 52224K, 0% used [0x00000000f9780000,0x00000000f9780000,0x00000000fca80000)
 ParOldGen       total 201728K, used 164305K [0x00000000a0000000, 0x00000000ac500000, 0x00000000e0000000)
  object space 201728K, 81% used [0x00000000a0000000,0x00000000aa074728,0x00000000ac500000)
 Metaspace       used 79710K, capacity 85868K, committed 87168K, reserved 1126400K
  class space    used 9958K, capacity 10714K, committed 11136K, reserved 1048576K
Event: 16811.279 GC heap after
Heap after GC invocations=39 (full 4):
 PSYoungGen      total 469504K, used 13405K [0x00000000e0000000, 0x00000000ffa80000, 0x0000000100000000)
  eden space 417280K, 0% used [0x00000000e0000000,0x00000000e0000000,0x00000000f9780000)
  from space 52224K, 25% used [0x00000000f9780000,0x00000000fa4977d0,0x00000000fca80000)
  to   space 49152K, 0% used [0x00000000fca80000,0x00000000fca80000,0x00000000ffa80000)
 ParOldGen       total 201728K, used 164305K [0x00000000a0000000, 0x00000000ac500000, 0x00000000e0000000)
  object space 201728K, 81% used [0x00000000a0000000,0x00000000aa074728,0x00000000ac500000)
 Metaspace       used 79710K, capacity 85868K, committed 87168K, reserved 1126400K
  class space    used 9958K, capacity 10714K, committed 11136K, reserved 1048576K
}
Event: 17504.592 GC heap before
{Heap before GC invocations=40 (full 4):
 PSYoungGen      total 469504K, used 430685K [0x00000000e0000000, 0x00000000ffa80000, 0x0000000100000000)
  eden space 417280K, 100% used [0x00000000e0000000,0x00000000f9780000,0x00000000f9780000)
  from space 52224K, 25% used [0x00000000f9780000,0x00000000fa4977d0,0x00000000fca80000)
  to   space 49152K, 0% used [0x00000000fca80000,0x00000000fca80000,0x00000000ffa80000)
 ParOldGen       total 201728K, used 164305K [0x00000000a0000000, 0x00000000ac500000, 0x00000000e0000000)
  object space 201728K, 81% used [0x00000000a0000000,0x00000000aa074728,0x00000000ac500000)
 Metaspace       used 79798K, capacity 86096K, committed 87424K, reserved 1126400K
  class space    used 9968K, capacity 10724K, committed 11136K, reserved 1048576K
Event: 17504.604 GC heap after
Heap after GC invocations=40 (full 4):
 PSYoungGen      total 470016K, used 10605K [0x00000000e0000000, 0x00000000ff900000, 0x0000000100000000)
  eden space 422400K, 0% used [0x00000000e0000000,0x00000000e0000000,0x00000000f9c80000)
  from space 47616K, 22% used [0x00000000fca80000,0x00000000fd4db698,0x00000000ff900000)
  to   space 47104K, 0% used [0x00000000f9c80000,0x00000000f9c80000,0x00000000fca80000)
 ParOldGen       total 201728K, used 164313K [0x00000000a0000000, 0x00000000ac500000, 0x00000000e0000000)
  object space 201728K, 81% used [0x00000000a0000000,0x00000000aa076728,0x00000000ac500000)
 Metaspace       used 79798K, capacity 86096K, committed 87424K, reserved 1126400K
  class space    used 9968K, capacity 10724K, committed 11136K, reserved 1048576K
}
Event: 17506.923 GC heap before
{Heap before GC invocations=41 (full 4):
 PSYoungGen      total 470016K, used 433005K [0x00000000e0000000, 0x00000000ff900000, 0x0000000100000000)
  eden space 422400K, 100% used [0x00000000e0000000,0x00000000f9c80000,0x00000000f9c80000)
  from space 47616K, 22% used [0x00000000fca80000,0x00000000fd4db698,0x00000000ff900000)
  to   space 47104K, 0% used [0x00000000f9c80000,0x00000000f9c80000,0x00000000fca80000)
 ParOldGen       total 201728K, used 164313K [0x00000000a0000000, 0x00000000ac500000, 0x00000000e0000000)
  object space 201728K, 81% used [0x00000000a0000000,0x00000000aa076728,0x00000000ac500000)
 Metaspace       used 79845K, capacity 86172K, committed 87424K, reserved 1126400K
  class space    used 9970K, capacity 10726K, committed 11136K, reserved 1048576K
Event: 17506.977 GC heap after
Heap after GC invocations=41 (full 4):
 PSYoungGen      total 469504K, used 47100K [0x00000000e0000000, 0x0000000100000000, 0x0000000100000000)
  eden space 422400K, 0% used [0x00000000e0000000,0x00000000e0000000,0x00000000f9c80000)
  from space 47104K, 99% used [0x00000000f9c80000,0x00000000fca7f3a0,0x00000000fca80000)
  to   space 54784K, 0% used [0x00000000fca80000,0x00000000fca80000,0x0000000100000000)
 ParOldGen       total 201728K, used 172516K [0x00000000a0000000, 0x00000000ac500000, 0x00000000e0000000)
  object space 201728K, 85% used [0x00000000a0000000,0x00000000aa879370,0x00000000ac500000)
 Metaspace       used 79845K, capacity 86172K, committed 87424K, reserved 1126400K
  class space    used 9970K, capacity 10726K, committed 11136K, reserved 1048576K
}
Event: 17909.647 GC heap before
{Heap before GC invocations=42 (full 4):
 PSYoungGen      total 469504K, used 469500K [0x00000000e0000000, 0x0000000100000000, 0x0000000100000000)
  eden space 422400K, 100% used [0x00000000e0000000,0x00000000f9c80000,0x00000000f9c80000)
  from space 47104K, 99% used [0x00000000f9c80000,0x00000000fca7f3a0,0x00000000fca80000)
  to   space 54784K, 0% used [0x00000000fca80000,0x00000000fca80000,0x0000000100000000)
 ParOldGen       total 201728K, used 172516K [0x00000000a0000000, 0x00000000ac500000, 0x00000000e0000000)
  object space 201728K, 85% used [0x00000000a0000000,0x00000000aa879370,0x00000000ac500000)
 Metaspace       used 79953K, capacity 86338K, committed 87680K, reserved 1126400K
  class space    used 9985K, capacity 10747K, committed 11136K, reserved 1048576K

