# JRE version: OpenJDK Runtime Environment (8.0_112-b06) (build 1.8.0_112-release-b06)
# Java VM: OpenJDK 64-Bit Server VM (25.112-b06 mixed mode windows-amd64 compressed oops)
Heap:
 PSYoungGen      total 473600K, used 401502K [0x00000000e0000000, 0x0000000100000000, 0x0000000100000000)
  eden space 444928K, 89% used [0x00000000e0000000,0x00000000f835a200,0x00000000fb280000)
  from space 28672K, 16% used [0x00000000fb280000,0x00000000fb73d7a8,0x00000000fce80000)
  to   space 27648K, 0% used [0x00000000fe500000,0x00000000fe500000,0x0000000100000000)
 ParOldGen       total 133120K, used 102490K [0x00000000a0000000, 0x00000000a8200000, 0x00000000e0000000)
  object space 133120K, 76% used [0x00000000a0000000,0x00000000a6416928,0x00000000a8200000)
 Metaspace       used 69141K, capacity 71796K, committed 71936K, reserved 1112064K
  class space    used 8647K, capacity 9136K, committed 9216K, reserved 1048576K
GC Heap History (10 events):
Event: 57.862 GC heap before
{Heap before GC invocations=20 (full 3):
 PSYoungGen      total 309760K, used 289450K [0x00000000e0000000, 0x00000000f5080000, 0x0000000100000000)
  eden space 276480K, 99% used [0x00000000e0000000,0x00000000f0dd23a8,0x00000000f0e00000)
  from space 33280K, 39% used [0x00000000f2c80000,0x00000000f39587e0,0x00000000f4d00000)
  to   space 31232K, 0% used [0x00000000f0e00000,0x00000000f0e00000,0x00000000f2c80000)
 ParOldGen       total 133120K, used 82426K [0x00000000a0000000, 0x00000000a8200000, 0x00000000e0000000)
  object space 133120K, 61% used [0x00000000a0000000,0x00000000a507eb60,0x00000000a8200000)
 Metaspace       used 63683K, capacity 65760K, committed 65920K, reserved 1105920K
  class space    used 8320K, capacity 8775K, committed 8832K, reserved 1048576K
Event: 57.878 GC heap after
Heap after GC invocations=20 (full 3):
 PSYoungGen      total 307712K, used 828K [0x00000000e0000000, 0x00000000fa000000, 0x0000000100000000)
  eden space 276480K, 0% used [0x00000000e0000000,0x00000000e0000000,0x00000000f0e00000)
  from space 31232K, 2% used [0x00000000f0e00000,0x00000000f0ecf338,0x00000000f2c80000)
  to   space 31744K, 0% used [0x00000000f8100000,0x00000000f8100000,0x00000000fa000000)
 ParOldGen       total 133120K, used 91883K [0x00000000a0000000, 0x00000000a8200000, 0x00000000e0000000)
  object space 133120K, 69% used [0x00000000a0000000,0x00000000a59bad70,0x00000000a8200000)
 Metaspace       used 63683K, capacity 65760K, committed 65920K, reserved 1105920K
  class space    used 8320K, capacity 8775K, committed 8832K, reserved 1048576K
}
Event: 369.263 GC heap before
{Heap before GC invocations=21 (full 3):
 PSYoungGen      total 307712K, used 277308K [0x00000000e0000000, 0x00000000fa000000, 0x0000000100000000)
  eden space 276480K, 100% used [0x00000000e0000000,0x00000000f0e00000,0x00000000f0e00000)
  from space 31232K, 2% used [0x00000000f0e00000,0x00000000f0ecf338,0x00000000f2c80000)
  to   space 31744K, 0% used [0x00000000f8100000,0x00000000f8100000,0x00000000fa000000)
 ParOldGen       total 133120K, used 91883K [0x00000000a0000000, 0x00000000a8200000, 0x00000000e0000000)
  object space 133120K, 69% used [0x00000000a0000000,0x00000000a59bad70,0x00000000a8200000)
 Metaspace       used 66555K, capacity 68726K, committed 68864K, reserved 1110016K
  class space    used 8494K, capacity 8942K, committed 8960K, reserved 1048576K
Event: 369.315 GC heap after
Heap after GC invocations=21 (full 3):
 PSYoungGen      total 379904K, used 10781K [0x00000000e0000000, 0x00000000f9780000, 0x0000000100000000)
  eden space 356864K, 0% used [0x00000000e0000000,0x00000000e0000000,0x00000000f5c80000)
  from space 23040K, 46% used [0x00000000f8100000,0x00000000f8b87708,0x00000000f9780000)
  to   space 30208K, 0% used [0x00000000f5c80000,0x00000000f5c80000,0x00000000f7a00000)
 ParOldGen       total 133120K, used 92047K [0x00000000a0000000, 0x00000000a8200000, 0x00000000e0000000)
  object space 133120K, 69% used [0x00000000a0000000,0x00000000a59e3dc8,0x00000000a8200000)
 Metaspace       used 66555K, capacity 68726K, committed 68864K, reserved 1110016K
  class space    used 8494K, capacity 8942K, committed 8960K, reserved 1048576K
}
Event: 371.214 GC heap before
{Heap before GC invocations=22 (full 3):
 PSYoungGen      total 379904K, used 367645K [0x00000000e0000000, 0x00000000f9780000, 0x0000000100000000)
  eden space 356864K, 100% used [0x00000000e0000000,0x00000000f5c80000,0x00000000f5c80000)
  from space 23040K, 46% used [0x00000000f8100000,0x00000000f8b87708,0x00000000f9780000)
  to   space 30208K, 0% used [0x00000000f5c80000,0x00000000f5c80000,0x00000000f7a00000)
 ParOldGen       total 133120K, used 92047K [0x00000000a0000000, 0x00000000a8200000, 0x00000000e0000000)
  object space 133120K, 69% used [0x00000000a0000000,0x00000000a59e3dc8,0x00000000a8200000)
 Metaspace       used 66637K, capacity 68808K, committed 68864K, reserved 1110016K
  class space    used 8495K, capacity 8945K, committed 8960K, reserved 1048576K
Event: 371.229 GC heap after
Heap after GC invocations=22 (full 3):
 PSYoungGen      total 387072K, used 1691K [0x00000000e0000000, 0x00000000ff700000, 0x0000000100000000)
  eden space 356864K, 0% used [0x00000000e0000000,0x00000000e0000000,0x00000000f5c80000)
  from space 30208K, 5% used [0x00000000f5c80000,0x00000000f5e26fa8,0x00000000f7a00000)
  to   space 30208K, 0% used [0x00000000fd980000,0x00000000fd980000,0x00000000ff700000)
 ParOldGen       total 133120K, used 97085K [0x00000000a0000000, 0x00000000a8200000, 0x00000000e0000000)
  object space 133120K, 72% used [0x00000000a0000000,0x00000000a5ecf530,0x00000000a8200000)
 Metaspace       used 66637K, capacity 68808K, committed 68864K, reserved 1110016K
  class space    used 8495K, capacity 8945K, committed 8960K, reserved 1048576K
}
Event: 1607.411 GC heap before
{Heap before GC invocations=23 (full 3):
 PSYoungGen      total 387072K, used 358555K [0x00000000e0000000, 0x00000000ff700000, 0x0000000100000000)
  eden space 356864K, 100% used [0x00000000e0000000,0x00000000f5c80000,0x00000000f5c80000)
  from space 30208K, 5% used [0x00000000f5c80000,0x00000000f5e26fa8,0x00000000f7a00000)
  to   space 30208K, 0% used [0x00000000fd980000,0x00000000fd980000,0x00000000ff700000)
 ParOldGen       total 133120K, used 97085K [0x00000000a0000000, 0x00000000a8200000, 0x00000000e0000000)
  object space 133120K, 72% used [0x00000000a0000000,0x00000000a5ecf530,0x00000000a8200000)
 Metaspace       used 68464K, capacity 70890K, committed 71168K, reserved 1112064K
  class space    used 8616K, capacity 9089K, committed 9216K, reserved 1048576K
Event: 1607.431 GC heap after
Heap after GC invocations=23 (full 3):
 PSYoungGen      total 462336K, used 8082K [0x00000000e0000000, 0x00000000fea80000, 0x0000000100000000)
  eden space 444928K, 0% used [0x00000000e0000000,0x00000000e0000000,0x00000000fb280000)
  from space 17408K, 46% used [0x00000000fd980000,0x00000000fe164b80,0x00000000fea80000)
  to   space 28672K, 0% used [0x00000000fb280000,0x00000000fb280000,0x00000000fce80000)
 ParOldGen       total 133120K, used 97322K [0x00000000a0000000, 0x00000000a8200000, 0x00000000e0000000)
  object space 133120K, 73% used [0x00000000a0000000,0x00000000a5f0a808,0x00000000a8200000)
 Metaspace       used 68464K, capacity 70890K, committed 71168K, reserved 1112064K
  class space    used 8616K, capacity 9089K, committed 9216K, reserved 1048576K
}
Event: 1610.111 GC heap before
{Heap before GC invocations=24 (full 3):
 PSYoungGen      total 462336K, used 453010K [0x00000000e0000000, 0x00000000fea80000, 0x0000000100000000)
  eden space 444928K, 100% used [0x00000000e0000000,0x00000000fb280000,0x00000000fb280000)
  from space 17408K, 46% used [0x00000000fd980000,0x00000000fe164b80,0x00000000fea80000)
  to   space 28672K, 0% used [0x00000000fb280000,0x00000000fb280000,0x00000000fce80000)
 ParOldGen       total 133120K, used 97322K [0x00000000a0000000, 0x00000000a8200000, 0x00000000e0000000)
  object space 133120K, 73% used [0x00000000a0000000,0x00000000a5f0a808,0x00000000a8200000)
 Metaspace       used 68601K, capacity 71028K, committed 71168K, reserved 1112064K
  class space    used 8618K, capacity 9090K, committed 9216K, reserved 1048576K
Event: 1610.125 GC heap after
Heap after GC invocations=24 (full 3):
 PSYoungGen      total 473600K, used 4853K [0x00000000e0000000, 0x0000000100000000, 0x0000000100000000)
  eden space 444928K, 0% used [0x00000000e0000000,0x00000000e0000000,0x00000000fb280000)
  from space 28672K, 16% used [0x00000000fb280000,0x00000000fb73d7a8,0x00000000fce80000)
  to   space 27648K, 0% used [0x00000000fe500000,0x00000000fe500000,0x0000000100000000)
 ParOldGen       total 133120K, used 102490K [0x00000000a0000000, 0x00000000a8200000, 0x00000000e0000000)
  object space 133120K, 76% used [0x00000000a0000000,0x00000000a6416928,0x00000000a8200000)
 Metaspace       used 68601K, capacity 71028K, committed 71168K, reserved 1112064K
  class space    used 8618K, capacity 9090K, committed 9216K, reserved 1048576K
}

